<?xml version="1.0" encoding="UTF-8"?>
<testng-results ignored="0" total="0" passed="0" failed="0" skipped="0">
  <reporter-output>
  </reporter-output>
  <suite started-at="2025-10-14T13:30:29 IST" name="iween Test Suite" finished-at="2025-10-14T13:30:30 IST" duration-ms="925">
    <groups>
    </groups>
    <test started-at="2025-10-14T13:30:29 IST" name="Onway Tests" finished-at="2025-10-14T13:30:30 IST" duration-ms="925">
    </test> <!-- Onway Tests -->
  </suite> <!-- iween Test Suite -->
</testng-results>
