<?xml version="1.0" encoding="UTF-8"?>
<testng-results ignored="0" total="1" passed="1" failed="0" skipped="0">
  <reporter-output>
  </reporter-output>
  <suite started-at="2025-10-14T15:28:03 IST" name="iween Test Suite" finished-at="2025-10-14T15:28:09 IST" duration-ms="5746">
    <groups>
    </groups>
    <test started-at="2025-10-14T15:28:03 IST" name="Onway Tests" finished-at="2025-10-14T15:28:09 IST" duration-ms="5746">
      <class name="com.iween.AirParadiseSearchToBooking.TC_1_SeartchToBooking">
        <test-method is-config="true" signature="setup(java.lang.String,java.lang.String,java.lang.reflect.Method)[pri:0, instance:com.iween.AirParadiseSearchToBooking.TC_1_SeartchToBooking@3214ee6]" started-at="2025-10-14T15:28:04 IST" name="setup" finished-at="2025-10-14T15:28:09 IST" duration-ms="4470" status="PASS">
          <params>
            <param index="0">
              <value>
                <![CDATA[Windows]]>
              </value>
            </param>
            <param index="1">
              <value>
                <![CDATA[chrome]]>
              </value>
            </param>
            <param index="2">
              <value>
                <![CDATA[public void com.iween.AirParadiseSearchToBooking.TC_1_SeartchToBooking.myTest(java.util.Map) throws java.lang.Exception]]>
              </value>
            </param>
          </params>
          <reporter-output>
          </reporter-output>
        </test-method> <!-- setup -->
        <test-method signature="myTest(java.util.Map)[pri:0, instance:com.iween.AirParadiseSearchToBooking.TC_1_SeartchToBooking@3214ee6]" started-at="2025-10-14T15:28:09 IST" name="myTest" data-provider="excelData" finished-at="2025-10-14T15:28:09 IST" duration-ms="36" status="PASS">
          <params>
            <param index="0">
              <value>
                <![CDATA[{Going To=DEL, AdultsCounts=2, InfantsCount=1, TravelClass=Economy, SKIP=, Depart From=SHJ, ChildrenCount=1}]]>
              </value>
            </param>
          </params>
          <reporter-output>
          </reporter-output>
        </test-method> <!-- myTest -->
        <test-method is-config="true" signature="tearDown()[pri:0, instance:com.iween.AirParadiseSearchToBooking.TC_1_SeartchToBooking@3214ee6]" started-at="2025-10-14T15:28:09 IST" name="tearDown" finished-at="2025-10-14T15:28:09 IST" duration-ms="434" status="PASS">
          <reporter-output>
          </reporter-output>
        </test-method> <!-- tearDown -->
      </class> <!-- com.iween.AirParadiseSearchToBooking.TC_1_SeartchToBooking -->
    </test> <!-- Onway Tests -->
  </suite> <!-- iween Test Suite -->
</testng-results>
