<?xml version="1.0" encoding="UTF-8"?>
<testng-results ignored="0" total="1" passed="1" failed="0" skipped="0">
  <reporter-output>
  </reporter-output>
  <suite started-at="2025-10-14T18:54:49 IST" name="iween Test Suite" finished-at="2025-10-14T18:56:10 IST" duration-ms="80845">
    <groups>
    </groups>
    <test started-at="2025-10-14T18:54:49 IST" name="Onway Tests" finished-at="2025-10-14T18:56:10 IST" duration-ms="80845">
      <class name="com.iween.AirParadiseClientPanelTestCase.TCCP_1_LogoAppearance">
        <test-method is-config="true" signature="setup(java.lang.String,java.lang.String,java.lang.reflect.Method)[pri:0, instance:com.iween.AirParadiseClientPanelTestCase.TCCP_1_LogoAppearance@7d7758be]" started-at="2025-10-14T18:54:49 IST" name="setup" finished-at="2025-10-14T18:54:53 IST" duration-ms="3720" status="PASS">
          <params>
            <param index="0">
              <value>
                <![CDATA[Windows]]>
              </value>
            </param>
            <param index="1">
              <value>
                <![CDATA[chrome]]>
              </value>
            </param>
            <param index="2">
              <value>
                <![CDATA[public void com.iween.AirParadiseClientPanelTestCase.TCCP_1_LogoAppearance.myTest(java.util.Map) throws java.lang.Exception]]>
              </value>
            </param>
          </params>
          <reporter-output>
          </reporter-output>
        </test-method> <!-- setup -->
        <test-method signature="myTest(java.util.Map)[pri:0, instance:com.iween.AirParadiseClientPanelTestCase.TCCP_1_LogoAppearance@7d7758be]" started-at="2025-10-14T18:54:53 IST" name="myTest" data-provider="excelData" finished-at="2025-10-14T18:56:09 IST" duration-ms="76058" status="PASS">
          <params>
            <param index="0">
              <value>
                <![CDATA[{Going To=DEL, AdultsCounts=1, InfantsCount=0, TravelClass=Economy, SKIP=, Depart From=SHJ, ChildrenCount=0}]]>
              </value>
            </param>
          </params>
          <reporter-output>
          </reporter-output>
        </test-method> <!-- myTest -->
        <test-method is-config="true" signature="tearDown()[pri:0, instance:com.iween.AirParadiseClientPanelTestCase.TCCP_1_LogoAppearance@7d7758be]" started-at="2025-10-14T18:56:09 IST" name="tearDown" finished-at="2025-10-14T18:56:10 IST" duration-ms="386" status="PASS">
          <reporter-output>
          </reporter-output>
        </test-method> <!-- tearDown -->
      </class> <!-- com.iween.AirParadiseClientPanelTestCase.TCCP_1_LogoAppearance -->
    </test> <!-- Onway Tests -->
  </suite> <!-- iween Test Suite -->
</testng-results>
