<?xml version="1.0" encoding="UTF-8"?>
<!-- Generated by org.testng.reporters.JUnitReportReporter -->
<testsuite hostname="DESKTOP-SEE9OFQ" failures="0" tests="1" name="com.iween.AirParadiseSearchToBooking.TC_1_airParadiseSearchToBooking" time="42.389" errors="0" timestamp="2025-10-14T16:51:33 IST" skipped="0">
  <testcase classname="com.iween.AirParadiseSearchToBooking.TC_1_airParadiseSearchToBooking" name="myTest" time="42.389"/>
</testsuite> <!-- com.iween.AirParadiseSearchToBooking.TC_1_airParadiseSearchToBooking -->
