<?xml version="1.0" encoding="UTF-8"?>
<!-- Generated by org.testng.reporters.JUnitReportReporter -->
<testsuite hostname="DESKTOP-SEE9OFQ" failures="0" tests="1" name="com.iween.AirParadiseClientPanelTestCase.TCCP_1_LogoAppearance" time="80.164" errors="0" timestamp="2025-10-14T18:56:10 IST" skipped="0">
  <testcase classname="com.iween.AirParadiseClientPanelTestCase.TCCP_1_LogoAppearance" name="myTest" time="80.164"/>
</testsuite> <!-- com.iween.AirParadiseClientPanelTestCase.TCCP_1_LogoAppearance -->
